2021-02-15 10:51:19 [scrapy.utils.log] INFO: Scrapy 2.4.1 started (bot: Day028)
2021-02-15 10:51:19 [scrapy.utils.log] INFO: Versions: lxml 4.6.2.0, libxml2 2.9.10, cssselect 1.1.0, parsel 1.6.0, w3lib 1.22.0, Twisted 20.3.0, Python 3.9.1 (v3.9.1:1e5d33e9b9, Dec  7 2020, 12:10:52) - [Clang 6.0 (clang-600.0.57)], pyOpenSSL 20.0.1 (OpenSSL 1.1.1i  8 Dec 2020), cryptography 3.4.5, Platform macOS-10.16-x86_64-i386-64bit
2021-02-15 10:51:19 [scrapy.utils.log] DEBUG: Using reactor: twisted.internet.selectreactor.SelectReactor
2021-02-15 10:51:19 [scrapy.crawler] INFO: Overridden settings:
{'BOT_NAME': 'Day028',
 'FEED_EXPORT_ENCODING': 'utf-8',
 'LOG_FILE': './output/ptt.log',
 'NEWSPIDER_MODULE': 'Day028.spiders',
 'ROBOTSTXT_OBEY': True,
 'SPIDER_MODULES': ['Day028.spiders']}
2021-02-15 10:51:19 [scrapy.extensions.telnet] INFO: Telnet Password: fb8e1be2734d9b18
2021-02-15 10:51:19 [py.warnings] WARNING: /Library/Frameworks/Python.framework/Versions/3.9/lib/python3.9/site-packages/scrapy/extensions/feedexport.py:247: ScrapyDeprecationWarning: The `FEED_URI` and `FEED_FORMAT` settings have been deprecated in favor of the `FEEDS` setting. Please see the `FEEDS` setting docs for more details
  exporter = cls(crawler)

2021-02-15 10:51:19 [scrapy.middleware] INFO: Enabled extensions:
['scrapy.extensions.corestats.CoreStats',
 'scrapy.extensions.telnet.TelnetConsole',
 'scrapy.extensions.memusage.MemoryUsage',
 'scrapy.extensions.feedexport.FeedExporter',
 'scrapy.extensions.logstats.LogStats']
2021-02-15 10:51:19 [scrapy.middleware] INFO: Enabled downloader middlewares:
['scrapy.downloadermiddlewares.robotstxt.RobotsTxtMiddleware',
 'scrapy.downloadermiddlewares.httpauth.HttpAuthMiddleware',
 'scrapy.downloadermiddlewares.downloadtimeout.DownloadTimeoutMiddleware',
 'scrapy.downloadermiddlewares.defaultheaders.DefaultHeadersMiddleware',
 'scrapy.downloadermiddlewares.useragent.UserAgentMiddleware',
 'scrapy.downloadermiddlewares.retry.RetryMiddleware',
 'scrapy.downloadermiddlewares.redirect.MetaRefreshMiddleware',
 'scrapy.downloadermiddlewares.httpcompression.HttpCompressionMiddleware',
 'scrapy.downloadermiddlewares.redirect.RedirectMiddleware',
 'scrapy.downloadermiddlewares.cookies.CookiesMiddleware',
 'scrapy.downloadermiddlewares.httpproxy.HttpProxyMiddleware',
 'scrapy.downloadermiddlewares.stats.DownloaderStats']
2021-02-15 10:51:19 [scrapy.middleware] INFO: Enabled spider middlewares:
['scrapy.spidermiddlewares.httperror.HttpErrorMiddleware',
 'scrapy.spidermiddlewares.offsite.OffsiteMiddleware',
 'scrapy.spidermiddlewares.referer.RefererMiddleware',
 'scrapy.spidermiddlewares.urllength.UrlLengthMiddleware',
 'scrapy.spidermiddlewares.depth.DepthMiddleware']
2021-02-15 10:51:19 [scrapy.middleware] INFO: Enabled item pipelines:
[]
2021-02-15 10:51:19 [scrapy.core.engine] INFO: Spider opened
2021-02-15 10:51:19 [scrapy.extensions.logstats] INFO: Crawled 0 pages (at 0 pages/min), scraped 0 items (at 0 items/min)
2021-02-15 10:51:19 [scrapy.extensions.telnet] INFO: Telnet console listening on 127.0.0.1:6023
2021-02-15 10:51:20 [scrapy.core.engine] DEBUG: Crawled (404) <GET https://www.ptt.cc/robots.txt> (referer: None)
2021-02-15 10:51:20 [scrapy.core.engine] DEBUG: Crawled (200) <GET https://www.ptt.cc/bbs/Baseball/M.1613320031.A.2F3.html> (referer: None)
2021-02-15 10:51:20 [scrapy.core.scraper] DEBUG: Scraped from <200 https://www.ptt.cc/bbs/Baseball/M.1613320031.A.2F3.html>
{'content': ['\n',
             '\n'
             '\n'
             '其實之前FB有一段時間做過吧\n'
             '不過沒有持續就是了\n'
             '但沒有持續也不是壞事\n'
             '\n'
             '有些戰績迷或是酸酸就喜歡借題發揮\n'
             '詹就是活生生的例子\n'
             '休息之餘開玩笑捉弄隊友\n'
             '被檢討成不認真打球整天想一些有的沒的\n'
             '\n'
             '實在也是有夠冤枉的\n'
             '人家是季後軟手沒錯\n'
             '但看成績季賽沒有他可能也難進去\n'
             '說得好像他一天到晚都在不正經一樣\n'
             '搞得那些花絮是球員整天在做的事\n'
             '要是有什麼球員拍個釣蝦釣魚或打電動影片\n'
             '到時候又變成出氣筒\n'
             '\n'
             '所以倒也不用特別去做這些有的沒的\n'
             '\n'
             '另一方面講收益其實也沒什麼必要啦\n'
             '這點零錢要花時間人力資源去做實在有點浪費\n'
             '認真做可能還要被酸不認真本質搞些有的沒的\n'
             '\n'
             '\n'
             '\n'
             '\n'
             '--\n'],
 'title': 'Re: [閒聊] 為什麼中職沒有球隊認真經營YouTube?'}
2021-02-15 10:51:20 [scrapy.core.engine] INFO: Closing spider (finished)
2021-02-15 10:51:20 [scrapy.extensions.feedexport] INFO: Stored json feed (1 items) in: ./output/ptt.json
2021-02-15 10:51:20 [scrapy.statscollectors] INFO: Dumping Scrapy stats:
{'downloader/request_bytes': 683,
 'downloader/request_count': 2,
 'downloader/request_method_count/GET': 2,
 'downloader/response_bytes': 4865,
 'downloader/response_count': 2,
 'downloader/response_status_count/200': 1,
 'downloader/response_status_count/404': 1,
 'elapsed_time_seconds': 0.443225,
 'finish_reason': 'finished',
 'finish_time': datetime.datetime(2021, 2, 15, 1, 51, 20, 354570),
 'item_scraped_count': 1,
 'log_count/DEBUG': 3,
 'log_count/INFO': 11,
 'log_count/WARNING': 1,
 'memusage/max': 51892224,
 'memusage/startup': 51888128,
 'response_received_count': 2,
 'robotstxt/request_count': 1,
 'robotstxt/response_count': 1,
 'robotstxt/response_status_count/404': 1,
 'scheduler/dequeued': 1,
 'scheduler/dequeued/memory': 1,
 'scheduler/enqueued': 1,
 'scheduler/enqueued/memory': 1,
 'start_time': datetime.datetime(2021, 2, 15, 1, 51, 19, 911345)}
2021-02-15 10:51:20 [scrapy.core.engine] INFO: Spider closed (finished)
2021-02-15 10:52:45 [scrapy.utils.log] INFO: Scrapy 2.4.1 started (bot: Day028)
2021-02-15 10:52:45 [scrapy.utils.log] INFO: Versions: lxml 4.6.2.0, libxml2 2.9.10, cssselect 1.1.0, parsel 1.6.0, w3lib 1.22.0, Twisted 20.3.0, Python 3.9.1 (v3.9.1:1e5d33e9b9, Dec  7 2020, 12:10:52) - [Clang 6.0 (clang-600.0.57)], pyOpenSSL 20.0.1 (OpenSSL 1.1.1i  8 Dec 2020), cryptography 3.4.5, Platform macOS-10.16-x86_64-i386-64bit
2021-02-15 10:52:45 [scrapy.utils.log] DEBUG: Using reactor: twisted.internet.selectreactor.SelectReactor
2021-02-15 10:52:45 [scrapy.crawler] INFO: Overridden settings:
{'BOT_NAME': 'Day028',
 'FEED_EXPORT_ENCODING': 'utf-8',
 'LOG_FILE': './output/ptt.log',
 'NEWSPIDER_MODULE': 'Day028.spiders',
 'ROBOTSTXT_OBEY': True,
 'SPIDER_MODULES': ['Day028.spiders']}
2021-02-15 10:52:45 [scrapy.extensions.telnet] INFO: Telnet Password: 9f6ae92e6c7f5092
2021-02-15 10:52:45 [py.warnings] WARNING: /Library/Frameworks/Python.framework/Versions/3.9/lib/python3.9/site-packages/scrapy/extensions/feedexport.py:247: ScrapyDeprecationWarning: The `FEED_URI` and `FEED_FORMAT` settings have been deprecated in favor of the `FEEDS` setting. Please see the `FEEDS` setting docs for more details
  exporter = cls(crawler)

2021-02-15 10:52:45 [scrapy.middleware] INFO: Enabled extensions:
['scrapy.extensions.corestats.CoreStats',
 'scrapy.extensions.telnet.TelnetConsole',
 'scrapy.extensions.memusage.MemoryUsage',
 'scrapy.extensions.feedexport.FeedExporter',
 'scrapy.extensions.logstats.LogStats']
2021-02-15 10:52:45 [scrapy.middleware] INFO: Enabled downloader middlewares:
['scrapy.downloadermiddlewares.robotstxt.RobotsTxtMiddleware',
 'scrapy.downloadermiddlewares.httpauth.HttpAuthMiddleware',
 'scrapy.downloadermiddlewares.downloadtimeout.DownloadTimeoutMiddleware',
 'scrapy.downloadermiddlewares.defaultheaders.DefaultHeadersMiddleware',
 'scrapy.downloadermiddlewares.useragent.UserAgentMiddleware',
 'scrapy.downloadermiddlewares.retry.RetryMiddleware',
 'scrapy.downloadermiddlewares.redirect.MetaRefreshMiddleware',
 'scrapy.downloadermiddlewares.httpcompression.HttpCompressionMiddleware',
 'scrapy.downloadermiddlewares.redirect.RedirectMiddleware',
 'scrapy.downloadermiddlewares.cookies.CookiesMiddleware',
 'scrapy.downloadermiddlewares.httpproxy.HttpProxyMiddleware',
 'scrapy.downloadermiddlewares.stats.DownloaderStats']
2021-02-15 10:52:45 [scrapy.middleware] INFO: Enabled spider middlewares:
['scrapy.spidermiddlewares.httperror.HttpErrorMiddleware',
 'scrapy.spidermiddlewares.offsite.OffsiteMiddleware',
 'scrapy.spidermiddlewares.referer.RefererMiddleware',
 'scrapy.spidermiddlewares.urllength.UrlLengthMiddleware',
 'scrapy.spidermiddlewares.depth.DepthMiddleware']
2021-02-15 10:52:45 [scrapy.middleware] INFO: Enabled item pipelines:
[]
2021-02-15 10:52:45 [scrapy.core.engine] INFO: Spider opened
2021-02-15 10:52:45 [scrapy.extensions.logstats] INFO: Crawled 0 pages (at 0 pages/min), scraped 0 items (at 0 items/min)
2021-02-15 10:52:45 [scrapy.extensions.telnet] INFO: Telnet console listening on 127.0.0.1:6023
2021-02-15 10:52:45 [scrapy.core.engine] DEBUG: Crawled (404) <GET https://www.ptt.cc/robots.txt> (referer: None)
2021-02-15 10:52:45 [scrapy.core.engine] DEBUG: Crawled (200) <GET https://www.ptt.cc/bbs/Baseball/M.1613320031.A.2F3.html> (referer: None)
2021-02-15 10:52:45 [scrapy.core.scraper] DEBUG: Scraped from <200 https://www.ptt.cc/bbs/Baseball/M.1613320031.A.2F3.html>
{'content': ['\n',
             '\n'
             '\n'
             '其實之前FB有一段時間做過吧\n'
             '不過沒有持續就是了\n'
             '但沒有持續也不是壞事\n'
             '\n'
             '有些戰績迷或是酸酸就喜歡借題發揮\n'
             '詹就是活生生的例子\n'
             '休息之餘開玩笑捉弄隊友\n'
             '被檢討成不認真打球整天想一些有的沒的\n'
             '\n'
             '實在也是有夠冤枉的\n'
             '人家是季後軟手沒錯\n'
             '但看成績季賽沒有他可能也難進去\n'
             '說得好像他一天到晚都在不正經一樣\n'
             '搞得那些花絮是球員整天在做的事\n'
             '要是有什麼球員拍個釣蝦釣魚或打電動影片\n'
             '到時候又變成出氣筒\n'
             '\n'
             '所以倒也不用特別去做這些有的沒的\n'
             '\n'
             '另一方面講收益其實也沒什麼必要啦\n'
             '這點零錢要花時間人力資源去做實在有點浪費\n'
             '認真做可能還要被酸不認真本質搞些有的沒的\n'
             '\n'
             '\n'
             '\n'
             '\n'
             '--\n'],
 'title': ['Re: [閒聊] 為什麼中職沒有球隊認真經營YouTube?']}
2021-02-15 10:52:45 [scrapy.core.engine] INFO: Closing spider (finished)
2021-02-15 10:52:45 [scrapy.extensions.feedexport] INFO: Stored json feed (1 items) in: ./output/ptt.json
2021-02-15 10:52:45 [scrapy.statscollectors] INFO: Dumping Scrapy stats:
{'downloader/request_bytes': 683,
 'downloader/request_count': 2,
 'downloader/request_method_count/GET': 2,
 'downloader/response_bytes': 4876,
 'downloader/response_count': 2,
 'downloader/response_status_count/200': 1,
 'downloader/response_status_count/404': 1,
 'elapsed_time_seconds': 0.437486,
 'finish_reason': 'finished',
 'finish_time': datetime.datetime(2021, 2, 15, 1, 52, 45, 714315),
 'item_scraped_count': 1,
 'log_count/DEBUG': 3,
 'log_count/INFO': 11,
 'log_count/WARNING': 1,
 'memusage/max': 52006912,
 'memusage/startup': 52002816,
 'response_received_count': 2,
 'robotstxt/request_count': 1,
 'robotstxt/response_count': 1,
 'robotstxt/response_status_count/404': 1,
 'scheduler/dequeued': 1,
 'scheduler/dequeued/memory': 1,
 'scheduler/enqueued': 1,
 'scheduler/enqueued/memory': 1,
 'start_time': datetime.datetime(2021, 2, 15, 1, 52, 45, 276829)}
2021-02-15 10:52:45 [scrapy.core.engine] INFO: Spider closed (finished)
2021-02-15 10:53:17 [scrapy.utils.log] INFO: Scrapy 2.4.1 started (bot: Day028)
2021-02-15 10:53:17 [scrapy.utils.log] INFO: Versions: lxml 4.6.2.0, libxml2 2.9.10, cssselect 1.1.0, parsel 1.6.0, w3lib 1.22.0, Twisted 20.3.0, Python 3.9.1 (v3.9.1:1e5d33e9b9, Dec  7 2020, 12:10:52) - [Clang 6.0 (clang-600.0.57)], pyOpenSSL 20.0.1 (OpenSSL 1.1.1i  8 Dec 2020), cryptography 3.4.5, Platform macOS-10.16-x86_64-i386-64bit
2021-02-15 10:53:17 [scrapy.utils.log] DEBUG: Using reactor: twisted.internet.selectreactor.SelectReactor
2021-02-15 10:53:17 [scrapy.crawler] INFO: Overridden settings:
{'BOT_NAME': 'Day028',
 'FEED_EXPORT_ENCODING': 'utf-8',
 'LOG_FILE': './output/ptt.log',
 'NEWSPIDER_MODULE': 'Day028.spiders',
 'ROBOTSTXT_OBEY': True,
 'SPIDER_MODULES': ['Day028.spiders']}
2021-02-15 10:53:17 [scrapy.extensions.telnet] INFO: Telnet Password: f6ac2a3e95f0cc4c
2021-02-15 10:53:17 [py.warnings] WARNING: /Library/Frameworks/Python.framework/Versions/3.9/lib/python3.9/site-packages/scrapy/extensions/feedexport.py:247: ScrapyDeprecationWarning: The `FEED_URI` and `FEED_FORMAT` settings have been deprecated in favor of the `FEEDS` setting. Please see the `FEEDS` setting docs for more details
  exporter = cls(crawler)

2021-02-15 10:53:17 [scrapy.middleware] INFO: Enabled extensions:
['scrapy.extensions.corestats.CoreStats',
 'scrapy.extensions.telnet.TelnetConsole',
 'scrapy.extensions.memusage.MemoryUsage',
 'scrapy.extensions.feedexport.FeedExporter',
 'scrapy.extensions.logstats.LogStats']
2021-02-15 10:53:17 [scrapy.middleware] INFO: Enabled downloader middlewares:
['scrapy.downloadermiddlewares.robotstxt.RobotsTxtMiddleware',
 'scrapy.downloadermiddlewares.httpauth.HttpAuthMiddleware',
 'scrapy.downloadermiddlewares.downloadtimeout.DownloadTimeoutMiddleware',
 'scrapy.downloadermiddlewares.defaultheaders.DefaultHeadersMiddleware',
 'scrapy.downloadermiddlewares.useragent.UserAgentMiddleware',
 'scrapy.downloadermiddlewares.retry.RetryMiddleware',
 'scrapy.downloadermiddlewares.redirect.MetaRefreshMiddleware',
 'scrapy.downloadermiddlewares.httpcompression.HttpCompressionMiddleware',
 'scrapy.downloadermiddlewares.redirect.RedirectMiddleware',
 'scrapy.downloadermiddlewares.cookies.CookiesMiddleware',
 'scrapy.downloadermiddlewares.httpproxy.HttpProxyMiddleware',
 'scrapy.downloadermiddlewares.stats.DownloaderStats']
2021-02-15 10:53:17 [scrapy.middleware] INFO: Enabled spider middlewares:
['scrapy.spidermiddlewares.httperror.HttpErrorMiddleware',
 'scrapy.spidermiddlewares.offsite.OffsiteMiddleware',
 'scrapy.spidermiddlewares.referer.RefererMiddleware',
 'scrapy.spidermiddlewares.urllength.UrlLengthMiddleware',
 'scrapy.spidermiddlewares.depth.DepthMiddleware']
2021-02-15 10:53:17 [scrapy.middleware] INFO: Enabled item pipelines:
[]
2021-02-15 10:53:17 [scrapy.core.engine] INFO: Spider opened
2021-02-15 10:53:17 [scrapy.extensions.logstats] INFO: Crawled 0 pages (at 0 pages/min), scraped 0 items (at 0 items/min)
2021-02-15 10:53:17 [scrapy.extensions.telnet] INFO: Telnet console listening on 127.0.0.1:6023
2021-02-15 10:53:18 [scrapy.core.engine] DEBUG: Crawled (404) <GET https://www.ptt.cc/robots.txt> (referer: None)
2021-02-15 10:53:18 [scrapy.core.engine] DEBUG: Crawled (200) <GET https://www.ptt.cc/bbs/Baseball/M.1613320031.A.2F3.html> (referer: None)
2021-02-15 10:53:18 [scrapy.core.scraper] ERROR: Spider error processing <GET https://www.ptt.cc/bbs/Baseball/M.1613320031.A.2F3.html> (referer: None)
Traceback (most recent call last):
  File "/Library/Frameworks/Python.framework/Versions/3.9/lib/python3.9/site-packages/parsel/selector.py", line 254, in xpath
    result = xpathev(query, namespaces=nsp,
  File "src/lxml/etree.pyx", line 1582, in lxml.etree._Element.xpath
  File "src/lxml/xpath.pxi", line 305, in lxml.etree.XPathElementEvaluator.__call__
  File "src/lxml/xpath.pxi", line 225, in lxml.etree._XPathEvaluatorBase._handle_result
lxml.etree.XPathEvalError: Invalid expression

During handling of the above exception, another exception occurred:

Traceback (most recent call last):
  File "/Library/Frameworks/Python.framework/Versions/3.9/lib/python3.9/site-packages/scrapy/utils/defer.py", line 120, in iter_errback
    yield next(it)
  File "/Library/Frameworks/Python.framework/Versions/3.9/lib/python3.9/site-packages/scrapy/utils/python.py", line 353, in __next__
    return next(self.data)
  File "/Library/Frameworks/Python.framework/Versions/3.9/lib/python3.9/site-packages/scrapy/utils/python.py", line 353, in __next__
    return next(self.data)
  File "/Library/Frameworks/Python.framework/Versions/3.9/lib/python3.9/site-packages/scrapy/core/spidermw.py", line 62, in _evaluate_iterable
    for r in iterable:
  File "/Library/Frameworks/Python.framework/Versions/3.9/lib/python3.9/site-packages/scrapy/spidermiddlewares/offsite.py", line 29, in process_spider_output
    for x in result:
  File "/Library/Frameworks/Python.framework/Versions/3.9/lib/python3.9/site-packages/scrapy/core/spidermw.py", line 62, in _evaluate_iterable
    for r in iterable:
  File "/Library/Frameworks/Python.framework/Versions/3.9/lib/python3.9/site-packages/scrapy/spidermiddlewares/referer.py", line 340, in <genexpr>
    return (_set_referer(r) for r in result or ())
  File "/Library/Frameworks/Python.framework/Versions/3.9/lib/python3.9/site-packages/scrapy/core/spidermw.py", line 62, in _evaluate_iterable
    for r in iterable:
  File "/Library/Frameworks/Python.framework/Versions/3.9/lib/python3.9/site-packages/scrapy/spidermiddlewares/urllength.py", line 37, in <genexpr>
    return (r for r in result or () if _filter(r))
  File "/Library/Frameworks/Python.framework/Versions/3.9/lib/python3.9/site-packages/scrapy/core/spidermw.py", line 62, in _evaluate_iterable
    for r in iterable:
  File "/Library/Frameworks/Python.framework/Versions/3.9/lib/python3.9/site-packages/scrapy/spidermiddlewares/depth.py", line 58, in <genexpr>
    return (r for r in result or () if _filter(r))
  File "/Library/Frameworks/Python.framework/Versions/3.9/lib/python3.9/site-packages/scrapy/core/spidermw.py", line 62, in _evaluate_iterable
    for r in iterable:
  File "/Users/chocolee/git/1st-DL-CVMarathon/HW/Day028/Day028/spiders/PTT.py", line 11, in parse
    item['title'] = response.xpath('(//span/text()').getall()
  File "/Library/Frameworks/Python.framework/Versions/3.9/lib/python3.9/site-packages/scrapy/http/response/text.py", line 139, in xpath
    return self.selector.xpath(query, **kwargs)
  File "/Library/Frameworks/Python.framework/Versions/3.9/lib/python3.9/site-packages/parsel/selector.py", line 260, in xpath
    six.reraise(ValueError, ValueError(msg), sys.exc_info()[2])
  File "/Library/Frameworks/Python.framework/Versions/3.9/lib/python3.9/site-packages/six.py", line 702, in reraise
    raise value.with_traceback(tb)
  File "/Library/Frameworks/Python.framework/Versions/3.9/lib/python3.9/site-packages/parsel/selector.py", line 254, in xpath
    result = xpathev(query, namespaces=nsp,
  File "src/lxml/etree.pyx", line 1582, in lxml.etree._Element.xpath
  File "src/lxml/xpath.pxi", line 305, in lxml.etree.XPathElementEvaluator.__call__
  File "src/lxml/xpath.pxi", line 225, in lxml.etree._XPathEvaluatorBase._handle_result
ValueError: XPath error: Invalid expression in (//span/text()
2021-02-15 10:53:18 [scrapy.core.engine] INFO: Closing spider (finished)
2021-02-15 10:53:18 [scrapy.statscollectors] INFO: Dumping Scrapy stats:
{'downloader/request_bytes': 683,
 'downloader/request_count': 2,
 'downloader/request_method_count/GET': 2,
 'downloader/response_bytes': 4835,
 'downloader/response_count': 2,
 'downloader/response_status_count/200': 1,
 'downloader/response_status_count/404': 1,
 'elapsed_time_seconds': 0.427876,
 'finish_reason': 'finished',
 'finish_time': datetime.datetime(2021, 2, 15, 1, 53, 18, 395110),
 'log_count/DEBUG': 2,
 'log_count/ERROR': 1,
 'log_count/INFO': 10,
 'log_count/WARNING': 1,
 'memusage/max': 51916800,
 'memusage/startup': 51916800,
 'response_received_count': 2,
 'robotstxt/request_count': 1,
 'robotstxt/response_count': 1,
 'robotstxt/response_status_count/404': 1,
 'scheduler/dequeued': 1,
 'scheduler/dequeued/memory': 1,
 'scheduler/enqueued': 1,
 'scheduler/enqueued/memory': 1,
 'spider_exceptions/ValueError': 1,
 'start_time': datetime.datetime(2021, 2, 15, 1, 53, 17, 967234)}
2021-02-15 10:53:18 [scrapy.core.engine] INFO: Spider closed (finished)
2021-02-15 10:53:52 [scrapy.utils.log] INFO: Scrapy 2.4.1 started (bot: Day028)
2021-02-15 10:53:52 [scrapy.utils.log] INFO: Versions: lxml 4.6.2.0, libxml2 2.9.10, cssselect 1.1.0, parsel 1.6.0, w3lib 1.22.0, Twisted 20.3.0, Python 3.9.1 (v3.9.1:1e5d33e9b9, Dec  7 2020, 12:10:52) - [Clang 6.0 (clang-600.0.57)], pyOpenSSL 20.0.1 (OpenSSL 1.1.1i  8 Dec 2020), cryptography 3.4.5, Platform macOS-10.16-x86_64-i386-64bit
2021-02-15 10:53:52 [scrapy.utils.log] DEBUG: Using reactor: twisted.internet.selectreactor.SelectReactor
2021-02-15 10:53:52 [scrapy.crawler] INFO: Overridden settings:
{'BOT_NAME': 'Day028',
 'FEED_EXPORT_ENCODING': 'utf-8',
 'LOG_FILE': './output/ptt.log',
 'NEWSPIDER_MODULE': 'Day028.spiders',
 'ROBOTSTXT_OBEY': True,
 'SPIDER_MODULES': ['Day028.spiders']}
2021-02-15 10:53:52 [scrapy.extensions.telnet] INFO: Telnet Password: 36281f2e312d1ed3
2021-02-15 10:53:52 [py.warnings] WARNING: /Library/Frameworks/Python.framework/Versions/3.9/lib/python3.9/site-packages/scrapy/extensions/feedexport.py:247: ScrapyDeprecationWarning: The `FEED_URI` and `FEED_FORMAT` settings have been deprecated in favor of the `FEEDS` setting. Please see the `FEEDS` setting docs for more details
  exporter = cls(crawler)

2021-02-15 10:53:52 [scrapy.middleware] INFO: Enabled extensions:
['scrapy.extensions.corestats.CoreStats',
 'scrapy.extensions.telnet.TelnetConsole',
 'scrapy.extensions.memusage.MemoryUsage',
 'scrapy.extensions.feedexport.FeedExporter',
 'scrapy.extensions.logstats.LogStats']
2021-02-15 10:53:52 [scrapy.middleware] INFO: Enabled downloader middlewares:
['scrapy.downloadermiddlewares.robotstxt.RobotsTxtMiddleware',
 'scrapy.downloadermiddlewares.httpauth.HttpAuthMiddleware',
 'scrapy.downloadermiddlewares.downloadtimeout.DownloadTimeoutMiddleware',
 'scrapy.downloadermiddlewares.defaultheaders.DefaultHeadersMiddleware',
 'scrapy.downloadermiddlewares.useragent.UserAgentMiddleware',
 'scrapy.downloadermiddlewares.retry.RetryMiddleware',
 'scrapy.downloadermiddlewares.redirect.MetaRefreshMiddleware',
 'scrapy.downloadermiddlewares.httpcompression.HttpCompressionMiddleware',
 'scrapy.downloadermiddlewares.redirect.RedirectMiddleware',
 'scrapy.downloadermiddlewares.cookies.CookiesMiddleware',
 'scrapy.downloadermiddlewares.httpproxy.HttpProxyMiddleware',
 'scrapy.downloadermiddlewares.stats.DownloaderStats']
2021-02-15 10:53:52 [scrapy.middleware] INFO: Enabled spider middlewares:
['scrapy.spidermiddlewares.httperror.HttpErrorMiddleware',
 'scrapy.spidermiddlewares.offsite.OffsiteMiddleware',
 'scrapy.spidermiddlewares.referer.RefererMiddleware',
 'scrapy.spidermiddlewares.urllength.UrlLengthMiddleware',
 'scrapy.spidermiddlewares.depth.DepthMiddleware']
2021-02-15 10:53:52 [scrapy.middleware] INFO: Enabled item pipelines:
[]
2021-02-15 10:53:52 [scrapy.core.engine] INFO: Spider opened
2021-02-15 10:53:52 [scrapy.extensions.logstats] INFO: Crawled 0 pages (at 0 pages/min), scraped 0 items (at 0 items/min)
2021-02-15 10:53:52 [scrapy.extensions.telnet] INFO: Telnet console listening on 127.0.0.1:6023
2021-02-15 10:53:53 [scrapy.core.engine] DEBUG: Crawled (404) <GET https://www.ptt.cc/robots.txt> (referer: None)
2021-02-15 10:53:53 [scrapy.core.engine] DEBUG: Crawled (200) <GET https://www.ptt.cc/bbs/Baseball/M.1613320031.A.2F3.html> (referer: None)
2021-02-15 10:53:53 [scrapy.core.scraper] DEBUG: Scraped from <200 https://www.ptt.cc/bbs/Baseball/M.1613320031.A.2F3.html>
{'content': ['\n',
             '\n'
             '\n'
             '其實之前FB有一段時間做過吧\n'
             '不過沒有持續就是了\n'
             '但沒有持續也不是壞事\n'
             '\n'
             '有些戰績迷或是酸酸就喜歡借題發揮\n'
             '詹就是活生生的例子\n'
             '休息之餘開玩笑捉弄隊友\n'
             '被檢討成不認真打球整天想一些有的沒的\n'
             '\n'
             '實在也是有夠冤枉的\n'
             '人家是季後軟手沒錯\n'
             '但看成績季賽沒有他可能也難進去\n'
             '說得好像他一天到晚都在不正經一樣\n'
             '搞得那些花絮是球員整天在做的事\n'
             '要是有什麼球員拍個釣蝦釣魚或打電動影片\n'
             '到時候又變成出氣筒\n'
             '\n'
             '所以倒也不用特別去做這些有的沒的\n'
             '\n'
             '另一方面講收益其實也沒什麼必要啦\n'
             '這點零錢要花時間人力資源去做實在有點浪費\n'
             '認真做可能還要被酸不認真本質搞些有的沒的\n'
             '\n'
             '\n'
             '\n'
             '\n'
             '--\n'],
 'title': 'Re: [閒聊] 為什麼中職沒有球隊認真經營YouTube?'}
2021-02-15 10:53:53 [scrapy.core.engine] INFO: Closing spider (finished)
2021-02-15 10:53:53 [scrapy.extensions.feedexport] INFO: Stored csv feed (1 items) in: ./output/ptt.csv
2021-02-15 10:53:53 [scrapy.statscollectors] INFO: Dumping Scrapy stats:
{'downloader/request_bytes': 683,
 'downloader/request_count': 2,
 'downloader/request_method_count/GET': 2,
 'downloader/response_bytes': 4878,
 'downloader/response_count': 2,
 'downloader/response_status_count/200': 1,
 'downloader/response_status_count/404': 1,
 'elapsed_time_seconds': 1.104758,
 'finish_reason': 'finished',
 'finish_time': datetime.datetime(2021, 2, 15, 1, 53, 53, 363685),
 'item_scraped_count': 1,
 'log_count/DEBUG': 3,
 'log_count/INFO': 11,
 'log_count/WARNING': 1,
 'memusage/max': 52002816,
 'memusage/startup': 51998720,
 'response_received_count': 2,
 'robotstxt/request_count': 1,
 'robotstxt/response_count': 1,
 'robotstxt/response_status_count/404': 1,
 'scheduler/dequeued': 1,
 'scheduler/dequeued/memory': 1,
 'scheduler/enqueued': 1,
 'scheduler/enqueued/memory': 1,
 'start_time': datetime.datetime(2021, 2, 15, 1, 53, 52, 258927)}
2021-02-15 10:53:53 [scrapy.core.engine] INFO: Spider closed (finished)
2021-02-15 10:54:56 [scrapy.utils.log] INFO: Scrapy 2.4.1 started (bot: Day028)
2021-02-15 10:54:56 [scrapy.utils.log] INFO: Versions: lxml 4.6.2.0, libxml2 2.9.10, cssselect 1.1.0, parsel 1.6.0, w3lib 1.22.0, Twisted 20.3.0, Python 3.9.1 (v3.9.1:1e5d33e9b9, Dec  7 2020, 12:10:52) - [Clang 6.0 (clang-600.0.57)], pyOpenSSL 20.0.1 (OpenSSL 1.1.1i  8 Dec 2020), cryptography 3.4.5, Platform macOS-10.16-x86_64-i386-64bit
2021-02-15 10:54:56 [scrapy.utils.log] DEBUG: Using reactor: twisted.internet.selectreactor.SelectReactor
2021-02-15 10:54:56 [scrapy.crawler] INFO: Overridden settings:
{'BOT_NAME': 'Day028',
 'FEED_EXPORT_ENCODING': 'utf-8',
 'LOG_FILE': './output/ptt.log',
 'NEWSPIDER_MODULE': 'Day028.spiders',
 'ROBOTSTXT_OBEY': True,
 'SPIDER_MODULES': ['Day028.spiders']}
2021-02-15 10:54:56 [scrapy.extensions.telnet] INFO: Telnet Password: cfaf9f17b2fceea1
2021-02-15 10:54:56 [py.warnings] WARNING: /Library/Frameworks/Python.framework/Versions/3.9/lib/python3.9/site-packages/scrapy/extensions/feedexport.py:247: ScrapyDeprecationWarning: The `FEED_URI` and `FEED_FORMAT` settings have been deprecated in favor of the `FEEDS` setting. Please see the `FEEDS` setting docs for more details
  exporter = cls(crawler)

2021-02-15 10:54:56 [scrapy.middleware] INFO: Enabled extensions:
['scrapy.extensions.corestats.CoreStats',
 'scrapy.extensions.telnet.TelnetConsole',
 'scrapy.extensions.memusage.MemoryUsage',
 'scrapy.extensions.feedexport.FeedExporter',
 'scrapy.extensions.logstats.LogStats']
2021-02-15 10:54:56 [scrapy.middleware] INFO: Enabled downloader middlewares:
['scrapy.downloadermiddlewares.robotstxt.RobotsTxtMiddleware',
 'scrapy.downloadermiddlewares.httpauth.HttpAuthMiddleware',
 'scrapy.downloadermiddlewares.downloadtimeout.DownloadTimeoutMiddleware',
 'scrapy.downloadermiddlewares.defaultheaders.DefaultHeadersMiddleware',
 'scrapy.downloadermiddlewares.useragent.UserAgentMiddleware',
 'scrapy.downloadermiddlewares.retry.RetryMiddleware',
 'scrapy.downloadermiddlewares.redirect.MetaRefreshMiddleware',
 'scrapy.downloadermiddlewares.httpcompression.HttpCompressionMiddleware',
 'scrapy.downloadermiddlewares.redirect.RedirectMiddleware',
 'scrapy.downloadermiddlewares.cookies.CookiesMiddleware',
 'scrapy.downloadermiddlewares.httpproxy.HttpProxyMiddleware',
 'scrapy.downloadermiddlewares.stats.DownloaderStats']
2021-02-15 10:54:56 [scrapy.middleware] INFO: Enabled spider middlewares:
['scrapy.spidermiddlewares.httperror.HttpErrorMiddleware',
 'scrapy.spidermiddlewares.offsite.OffsiteMiddleware',
 'scrapy.spidermiddlewares.referer.RefererMiddleware',
 'scrapy.spidermiddlewares.urllength.UrlLengthMiddleware',
 'scrapy.spidermiddlewares.depth.DepthMiddleware']
2021-02-15 10:54:56 [scrapy.middleware] INFO: Enabled item pipelines:
[]
2021-02-15 10:54:56 [scrapy.core.engine] INFO: Spider opened
2021-02-15 10:54:56 [scrapy.extensions.logstats] INFO: Crawled 0 pages (at 0 pages/min), scraped 0 items (at 0 items/min)
2021-02-15 10:54:56 [scrapy.extensions.telnet] INFO: Telnet console listening on 127.0.0.1:6023
2021-02-15 10:54:56 [scrapy.core.engine] DEBUG: Crawled (404) <GET https://www.ptt.cc/robots.txt> (referer: None)
2021-02-15 10:54:56 [scrapy.core.engine] DEBUG: Crawled (200) <GET https://www.ptt.cc/bbs/Baseball/M.1613320031.A.2F3.html> (referer: None)
2021-02-15 10:54:57 [scrapy.core.engine] DEBUG: Crawled (200) <GET https://www.ptt.cc/bbs/Baseball/M.1613321185.A.F7F.html> (referer: None)
2021-02-15 10:54:57 [scrapy.core.scraper] DEBUG: Scraped from <200 https://www.ptt.cc/bbs/Baseball/M.1613320031.A.2F3.html>
{'content': ['\n',
             '\n'
             '\n'
             '其實之前FB有一段時間做過吧\n'
             '不過沒有持續就是了\n'
             '但沒有持續也不是壞事\n'
             '\n'
             '有些戰績迷或是酸酸就喜歡借題發揮\n'
             '詹就是活生生的例子\n'
             '休息之餘開玩笑捉弄隊友\n'
             '被檢討成不認真打球整天想一些有的沒的\n'
             '\n'
             '實在也是有夠冤枉的\n'
             '人家是季後軟手沒錯\n'
             '但看成績季賽沒有他可能也難進去\n'
             '說得好像他一天到晚都在不正經一樣\n'
             '搞得那些花絮是球員整天在做的事\n'
             '要是有什麼球員拍個釣蝦釣魚或打電動影片\n'
             '到時候又變成出氣筒\n'
             '\n'
             '所以倒也不用特別去做這些有的沒的\n'
             '\n'
             '另一方面講收益其實也沒什麼必要啦\n'
             '這點零錢要花時間人力資源去做實在有點浪費\n'
             '認真做可能還要被酸不認真本質搞些有的沒的\n'
             '\n'
             '\n'
             '\n'
             '\n'
             '--\n'],
 'title': 'Re: [閒聊] 為什麼中職沒有球隊認真經營YouTube?'}
2021-02-15 10:54:57 [scrapy.core.scraper] DEBUG: Scraped from <200 https://www.ptt.cc/bbs/Baseball/M.1613321185.A.F7F.html>
{'content': ['\n藤浪的IG\n\n',
             '\nQ：今天內褲的顏色？\nA：穿球衣的時候是黑色 不過現在沒穿喔~\n\n',
             '\nQ：有討厭的OB嗎？\nA：有一大堆喔~\n\n',
             '\nQ：喜歡大胸嗎？\nA：這不是判斷人的標準啦 雖然大的比較好\n\n',
             '\nQ：憧憬的職棒選手\nA：高橋由伸\n\n',
             '\n高山俊：快去睡\n藤浪：你也是\n\n',
             '\nQ：情人節的回憶？\nA：收到巧克力，以為是義理的。向那個女孩問了一句「這三小」結果弄哭了她\n\n',
             '\n望月惇志：想不到好笑的問題，1小時候再來問\n藤浪：你本來就不好笑啦應該想到死為止也想不出來\n\n',
             '\nQ：不能理解男朋友的心情\nA：怎麼可能理解到啊男人本來就是到了27歲也會因為大便懶X和歐派笑死的生物\n\n',
             '\nQ：有尊敬的OB嗎？\nA：也有很多喔\n\n',
             '\n高山俊：有結婚的打算嗎\n藤浪：最不想被你說這句話 全女性之敵\n\n',
             '\n',
             'Q：在9日生了個男孩子，可以說一聲恭喜嗎？\nA：恭喜！祝福你的孩子像藤浪般溫柔和心靈純潔，和像個聖人君子\n\n',
             '\n'
             'Q：賽馬贏的方法\n'
             'A：我知道這種東西的話我每星期可以賺一億圓\n'
             '\n'
             '\n'
             '@fujinami_shintaro\n'
             '\n'
             '--\n'
             '「我可是金正日！叫我將軍大人！」- 金本知憲，2010年\n'
             '「這只是笑話」- 金本知憲，2013年\n',
             '\n\n「將軍大人！」 - 林威助、關本賢太郎，2012年\n',
             '\n',
             '\n--\n'],
 'title': '[閒聊] 藤浪晉太郎：「我現在沒穿內褲喔~」'}
2021-02-15 10:54:57 [scrapy.core.engine] INFO: Closing spider (finished)
2021-02-15 10:54:57 [scrapy.extensions.feedexport] INFO: Stored csv feed (2 items) in: ./output/ptt.csv
2021-02-15 10:54:57 [scrapy.statscollectors] INFO: Dumping Scrapy stats:
{'downloader/request_bytes': 1146,
 'downloader/request_count': 3,
 'downloader/request_method_count/GET': 3,
 'downloader/response_bytes': 11523,
 'downloader/response_count': 3,
 'downloader/response_status_count/200': 2,
 'downloader/response_status_count/404': 1,
 'elapsed_time_seconds': 0.566485,
 'finish_reason': 'finished',
 'finish_time': datetime.datetime(2021, 2, 15, 1, 54, 57, 159473),
 'item_scraped_count': 2,
 'log_count/DEBUG': 5,
 'log_count/INFO': 11,
 'log_count/WARNING': 1,
 'memusage/max': 52023296,
 'memusage/startup': 52023296,
 'response_received_count': 3,
 'robotstxt/request_count': 1,
 'robotstxt/response_count': 1,
 'robotstxt/response_status_count/404': 1,
 'scheduler/dequeued': 2,
 'scheduler/dequeued/memory': 2,
 'scheduler/enqueued': 2,
 'scheduler/enqueued/memory': 2,
 'start_time': datetime.datetime(2021, 2, 15, 1, 54, 56, 592988)}
2021-02-15 10:54:57 [scrapy.core.engine] INFO: Spider closed (finished)
2021-02-15 10:55:21 [scrapy.utils.log] INFO: Scrapy 2.4.1 started (bot: Day028)
2021-02-15 10:55:21 [scrapy.utils.log] INFO: Versions: lxml 4.6.2.0, libxml2 2.9.10, cssselect 1.1.0, parsel 1.6.0, w3lib 1.22.0, Twisted 20.3.0, Python 3.9.1 (v3.9.1:1e5d33e9b9, Dec  7 2020, 12:10:52) - [Clang 6.0 (clang-600.0.57)], pyOpenSSL 20.0.1 (OpenSSL 1.1.1i  8 Dec 2020), cryptography 3.4.5, Platform macOS-10.16-x86_64-i386-64bit
2021-02-15 10:55:21 [scrapy.utils.log] DEBUG: Using reactor: twisted.internet.selectreactor.SelectReactor
2021-02-15 10:55:21 [scrapy.crawler] INFO: Overridden settings:
{'BOT_NAME': 'Day028',
 'FEED_EXPORT_ENCODING': 'utf-8',
 'LOG_FILE': './output/ptt.log',
 'NEWSPIDER_MODULE': 'Day028.spiders',
 'ROBOTSTXT_OBEY': True,
 'SPIDER_MODULES': ['Day028.spiders']}
2021-02-15 10:55:21 [scrapy.extensions.telnet] INFO: Telnet Password: e7c5037671560932
2021-02-15 10:55:21 [py.warnings] WARNING: /Library/Frameworks/Python.framework/Versions/3.9/lib/python3.9/site-packages/scrapy/extensions/feedexport.py:247: ScrapyDeprecationWarning: The `FEED_URI` and `FEED_FORMAT` settings have been deprecated in favor of the `FEEDS` setting. Please see the `FEEDS` setting docs for more details
  exporter = cls(crawler)

2021-02-15 10:55:21 [scrapy.middleware] INFO: Enabled extensions:
['scrapy.extensions.corestats.CoreStats',
 'scrapy.extensions.telnet.TelnetConsole',
 'scrapy.extensions.memusage.MemoryUsage',
 'scrapy.extensions.feedexport.FeedExporter',
 'scrapy.extensions.logstats.LogStats']
2021-02-15 10:55:21 [scrapy.middleware] INFO: Enabled downloader middlewares:
['scrapy.downloadermiddlewares.robotstxt.RobotsTxtMiddleware',
 'scrapy.downloadermiddlewares.httpauth.HttpAuthMiddleware',
 'scrapy.downloadermiddlewares.downloadtimeout.DownloadTimeoutMiddleware',
 'scrapy.downloadermiddlewares.defaultheaders.DefaultHeadersMiddleware',
 'scrapy.downloadermiddlewares.useragent.UserAgentMiddleware',
 'scrapy.downloadermiddlewares.retry.RetryMiddleware',
 'scrapy.downloadermiddlewares.redirect.MetaRefreshMiddleware',
 'scrapy.downloadermiddlewares.httpcompression.HttpCompressionMiddleware',
 'scrapy.downloadermiddlewares.redirect.RedirectMiddleware',
 'scrapy.downloadermiddlewares.cookies.CookiesMiddleware',
 'scrapy.downloadermiddlewares.httpproxy.HttpProxyMiddleware',
 'scrapy.downloadermiddlewares.stats.DownloaderStats']
2021-02-15 10:55:21 [scrapy.middleware] INFO: Enabled spider middlewares:
['scrapy.spidermiddlewares.httperror.HttpErrorMiddleware',
 'scrapy.spidermiddlewares.offsite.OffsiteMiddleware',
 'scrapy.spidermiddlewares.referer.RefererMiddleware',
 'scrapy.spidermiddlewares.urllength.UrlLengthMiddleware',
 'scrapy.spidermiddlewares.depth.DepthMiddleware']
2021-02-15 10:55:21 [scrapy.middleware] INFO: Enabled item pipelines:
[]
2021-02-15 10:55:21 [scrapy.core.engine] INFO: Spider opened
2021-02-15 10:55:21 [scrapy.extensions.logstats] INFO: Crawled 0 pages (at 0 pages/min), scraped 0 items (at 0 items/min)
2021-02-15 10:55:21 [scrapy.extensions.telnet] INFO: Telnet console listening on 127.0.0.1:6023
2021-02-15 10:55:21 [scrapy.core.engine] DEBUG: Crawled (404) <GET https://www.ptt.cc/robots.txt> (referer: None)
2021-02-15 10:55:22 [scrapy.core.engine] DEBUG: Crawled (200) <GET https://www.ptt.cc/bbs/Baseball/M.1613320031.A.2F3.html> (referer: None)
2021-02-15 10:55:22 [scrapy.core.engine] DEBUG: Crawled (200) <GET https://www.ptt.cc/bbs/Baseball/M.1613321185.A.F7F.html> (referer: None)
2021-02-15 10:55:22 [scrapy.core.scraper] DEBUG: Scraped from <200 https://www.ptt.cc/bbs/Baseball/M.1613320031.A.2F3.html>
{'content': ['\n',
             '\n'
             '\n'
             '其實之前FB有一段時間做過吧\n'
             '不過沒有持續就是了\n'
             '但沒有持續也不是壞事\n'
             '\n'
             '有些戰績迷或是酸酸就喜歡借題發揮\n'
             '詹就是活生生的例子\n'
             '休息之餘開玩笑捉弄隊友\n'
             '被檢討成不認真打球整天想一些有的沒的\n'
             '\n'
             '實在也是有夠冤枉的\n'
             '人家是季後軟手沒錯\n'
             '但看成績季賽沒有他可能也難進去\n'
             '說得好像他一天到晚都在不正經一樣\n'
             '搞得那些花絮是球員整天在做的事\n'
             '要是有什麼球員拍個釣蝦釣魚或打電動影片\n'
             '到時候又變成出氣筒\n'
             '\n'
             '所以倒也不用特別去做這些有的沒的\n'
             '\n'
             '另一方面講收益其實也沒什麼必要啦\n'
             '這點零錢要花時間人力資源去做實在有點浪費\n'
             '認真做可能還要被酸不認真本質搞些有的沒的\n'
             '\n'
             '\n'
             '\n'
             '\n'
             '--\n'],
 'title': 'Re: [閒聊] 為什麼中職沒有球隊認真經營YouTube?'}
2021-02-15 10:55:22 [scrapy.core.scraper] DEBUG: Scraped from <200 https://www.ptt.cc/bbs/Baseball/M.1613321185.A.F7F.html>
{'content': ['\n藤浪的IG\n\n',
             '\nQ：今天內褲的顏色？\nA：穿球衣的時候是黑色 不過現在沒穿喔~\n\n',
             '\nQ：有討厭的OB嗎？\nA：有一大堆喔~\n\n',
             '\nQ：喜歡大胸嗎？\nA：這不是判斷人的標準啦 雖然大的比較好\n\n',
             '\nQ：憧憬的職棒選手\nA：高橋由伸\n\n',
             '\n高山俊：快去睡\n藤浪：你也是\n\n',
             '\nQ：情人節的回憶？\nA：收到巧克力，以為是義理的。向那個女孩問了一句「這三小」結果弄哭了她\n\n',
             '\n望月惇志：想不到好笑的問題，1小時候再來問\n藤浪：你本來就不好笑啦應該想到死為止也想不出來\n\n',
             '\nQ：不能理解男朋友的心情\nA：怎麼可能理解到啊男人本來就是到了27歲也會因為大便懶X和歐派笑死的生物\n\n',
             '\nQ：有尊敬的OB嗎？\nA：也有很多喔\n\n',
             '\n高山俊：有結婚的打算嗎\n藤浪：最不想被你說這句話 全女性之敵\n\n',
             '\n',
             'Q：在9日生了個男孩子，可以說一聲恭喜嗎？\nA：恭喜！祝福你的孩子像藤浪般溫柔和心靈純潔，和像個聖人君子\n\n',
             '\n'
             'Q：賽馬贏的方法\n'
             'A：我知道這種東西的話我每星期可以賺一億圓\n'
             '\n'
             '\n'
             '@fujinami_shintaro\n'
             '\n'
             '--\n'
             '「我可是金正日！叫我將軍大人！」- 金本知憲，2010年\n'
             '「這只是笑話」- 金本知憲，2013年\n',
             '\n\n「將軍大人！」 - 林威助、關本賢太郎，2012年\n',
             '\n',
             '\n--\n'],
 'title': '[閒聊] 藤浪晉太郎：「我現在沒穿內褲喔~」'}
2021-02-15 10:55:22 [scrapy.core.engine] INFO: Closing spider (finished)
2021-02-15 10:55:22 [scrapy.extensions.feedexport] INFO: Stored csv feed (2 items) in: ./output/ptt.csv
2021-02-15 10:55:22 [scrapy.statscollectors] INFO: Dumping Scrapy stats:
{'downloader/request_bytes': 1146,
 'downloader/request_count': 3,
 'downloader/request_method_count/GET': 3,
 'downloader/response_bytes': 11513,
 'downloader/response_count': 3,
 'downloader/response_status_count/200': 2,
 'downloader/response_status_count/404': 1,
 'elapsed_time_seconds': 0.554392,
 'finish_reason': 'finished',
 'finish_time': datetime.datetime(2021, 2, 15, 1, 55, 22, 413578),
 'item_scraped_count': 2,
 'log_count/DEBUG': 5,
 'log_count/INFO': 11,
 'log_count/WARNING': 1,
 'memusage/max': 52133888,
 'memusage/startup': 52133888,
 'response_received_count': 3,
 'robotstxt/request_count': 1,
 'robotstxt/response_count': 1,
 'robotstxt/response_status_count/404': 1,
 'scheduler/dequeued': 2,
 'scheduler/dequeued/memory': 2,
 'scheduler/enqueued': 2,
 'scheduler/enqueued/memory': 2,
 'start_time': datetime.datetime(2021, 2, 15, 1, 55, 21, 859186)}
2021-02-15 10:55:22 [scrapy.core.engine] INFO: Spider closed (finished)
2021-02-15 11:06:18 [scrapy.utils.log] INFO: Scrapy 2.4.1 started (bot: Day028)
2021-02-15 11:06:18 [scrapy.utils.log] INFO: Versions: lxml 4.6.2.0, libxml2 2.9.10, cssselect 1.1.0, parsel 1.6.0, w3lib 1.22.0, Twisted 20.3.0, Python 3.9.1 (v3.9.1:1e5d33e9b9, Dec  7 2020, 12:10:52) - [Clang 6.0 (clang-600.0.57)], pyOpenSSL 20.0.1 (OpenSSL 1.1.1i  8 Dec 2020), cryptography 3.4.5, Platform macOS-10.16-x86_64-i386-64bit
2021-02-15 11:06:18 [scrapy.utils.log] DEBUG: Using reactor: twisted.internet.selectreactor.SelectReactor
2021-02-15 11:06:18 [scrapy.crawler] INFO: Overridden settings:
{'BOT_NAME': 'Day028',
 'FEED_EXPORT_ENCODING': 'utf-8',
 'LOG_FILE': './output/ptt.log',
 'NEWSPIDER_MODULE': 'Day028.spiders',
 'ROBOTSTXT_OBEY': True,
 'SPIDER_MODULES': ['Day028.spiders']}
2021-02-15 11:06:18 [scrapy.extensions.telnet] INFO: Telnet Password: cfff177b8c19e9d4
2021-02-15 11:06:18 [py.warnings] WARNING: /Library/Frameworks/Python.framework/Versions/3.9/lib/python3.9/site-packages/scrapy/extensions/feedexport.py:247: ScrapyDeprecationWarning: The `FEED_URI` and `FEED_FORMAT` settings have been deprecated in favor of the `FEEDS` setting. Please see the `FEEDS` setting docs for more details
  exporter = cls(crawler)

2021-02-15 11:06:18 [scrapy.middleware] INFO: Enabled extensions:
['scrapy.extensions.corestats.CoreStats',
 'scrapy.extensions.telnet.TelnetConsole',
 'scrapy.extensions.memusage.MemoryUsage',
 'scrapy.extensions.feedexport.FeedExporter',
 'scrapy.extensions.logstats.LogStats']
2021-02-15 11:06:18 [scrapy.middleware] INFO: Enabled downloader middlewares:
['scrapy.downloadermiddlewares.robotstxt.RobotsTxtMiddleware',
 'scrapy.downloadermiddlewares.httpauth.HttpAuthMiddleware',
 'scrapy.downloadermiddlewares.downloadtimeout.DownloadTimeoutMiddleware',
 'scrapy.downloadermiddlewares.defaultheaders.DefaultHeadersMiddleware',
 'scrapy.downloadermiddlewares.useragent.UserAgentMiddleware',
 'scrapy.downloadermiddlewares.retry.RetryMiddleware',
 'scrapy.downloadermiddlewares.redirect.MetaRefreshMiddleware',
 'scrapy.downloadermiddlewares.httpcompression.HttpCompressionMiddleware',
 'scrapy.downloadermiddlewares.redirect.RedirectMiddleware',
 'scrapy.downloadermiddlewares.cookies.CookiesMiddleware',
 'scrapy.downloadermiddlewares.httpproxy.HttpProxyMiddleware',
 'scrapy.downloadermiddlewares.stats.DownloaderStats']
2021-02-15 11:06:18 [scrapy.middleware] INFO: Enabled spider middlewares:
['scrapy.spidermiddlewares.httperror.HttpErrorMiddleware',
 'scrapy.spidermiddlewares.offsite.OffsiteMiddleware',
 'scrapy.spidermiddlewares.referer.RefererMiddleware',
 'scrapy.spidermiddlewares.urllength.UrlLengthMiddleware',
 'scrapy.spidermiddlewares.depth.DepthMiddleware']
2021-02-15 11:06:18 [scrapy.middleware] INFO: Enabled item pipelines:
[]
2021-02-15 11:06:18 [scrapy.core.engine] INFO: Spider opened
2021-02-15 11:06:18 [scrapy.extensions.logstats] INFO: Crawled 0 pages (at 0 pages/min), scraped 0 items (at 0 items/min)
2021-02-15 11:06:18 [scrapy.extensions.telnet] INFO: Telnet console listening on 127.0.0.1:6023
2021-02-15 11:06:19 [scrapy.core.engine] DEBUG: Crawled (404) <GET https://www.ptt.cc/robots.txt> (referer: None)
2021-02-15 11:06:19 [scrapy.core.engine] DEBUG: Crawled (200) <GET https://www.ptt.cc/bbs/Baseball/M.1613320031.A.2F3.html> (referer: None)
2021-02-15 11:06:19 [scrapy.core.engine] DEBUG: Crawled (200) <GET https://www.ptt.cc/bbs/Baseball/M.1613321185.A.F7F.html> (referer: None)
2021-02-15 11:06:19 [scrapy.core.scraper] DEBUG: Scraped from <200 https://www.ptt.cc/bbs/Baseball/M.1613320031.A.2F3.html>
{'content': ['\n',
             '\n'
             '\n'
             '其實之前FB有一段時間做過吧\n'
             '不過沒有持續就是了\n'
             '但沒有持續也不是壞事\n'
             '\n'
             '有些戰績迷或是酸酸就喜歡借題發揮\n'
             '詹就是活生生的例子\n'
             '休息之餘開玩笑捉弄隊友\n'
             '被檢討成不認真打球整天想一些有的沒的\n'
             '\n'
             '實在也是有夠冤枉的\n'
             '人家是季後軟手沒錯\n'
             '但看成績季賽沒有他可能也難進去\n'
             '說得好像他一天到晚都在不正經一樣\n'
             '搞得那些花絮是球員整天在做的事\n'
             '要是有什麼球員拍個釣蝦釣魚或打電動影片\n'
             '到時候又變成出氣筒\n'
             '\n'
             '所以倒也不用特別去做這些有的沒的\n'
             '\n'
             '另一方面講收益其實也沒什麼必要啦\n'
             '這點零錢要花時間人力資源去做實在有點浪費\n'
             '認真做可能還要被酸不認真本質搞些有的沒的\n'
             '\n'
             '\n'
             '\n'
             '\n'
             '--\n'],
 'title': 'Re: [閒聊] 為什麼中職沒有球隊認真經營YouTube?',
 'url': 'https://www.ptt.cc/bbs/Baseball/M.1613320031.A.2F3.html'}
2021-02-15 11:06:19 [scrapy.core.scraper] DEBUG: Scraped from <200 https://www.ptt.cc/bbs/Baseball/M.1613321185.A.F7F.html>
{'content': ['\n藤浪的IG\n\n',
             '\nQ：今天內褲的顏色？\nA：穿球衣的時候是黑色 不過現在沒穿喔~\n\n',
             '\nQ：有討厭的OB嗎？\nA：有一大堆喔~\n\n',
             '\nQ：喜歡大胸嗎？\nA：這不是判斷人的標準啦 雖然大的比較好\n\n',
             '\nQ：憧憬的職棒選手\nA：高橋由伸\n\n',
             '\n高山俊：快去睡\n藤浪：你也是\n\n',
             '\nQ：情人節的回憶？\nA：收到巧克力，以為是義理的。向那個女孩問了一句「這三小」結果弄哭了她\n\n',
             '\n望月惇志：想不到好笑的問題，1小時候再來問\n藤浪：你本來就不好笑啦應該想到死為止也想不出來\n\n',
             '\nQ：不能理解男朋友的心情\nA：怎麼可能理解到啊男人本來就是到了27歲也會因為大便懶X和歐派笑死的生物\n\n',
             '\nQ：有尊敬的OB嗎？\nA：也有很多喔\n\n',
             '\n高山俊：有結婚的打算嗎\n藤浪：最不想被你說這句話 全女性之敵\n\n',
             '\n',
             'Q：在9日生了個男孩子，可以說一聲恭喜嗎？\nA：恭喜！祝福你的孩子像藤浪般溫柔和心靈純潔，和像個聖人君子\n\n',
             '\n'
             'Q：賽馬贏的方法\n'
             'A：我知道這種東西的話我每星期可以賺一億圓\n'
             '\n'
             '\n'
             '@fujinami_shintaro\n'
             '\n'
             '--\n'
             '「我可是金正日！叫我將軍大人！」- 金本知憲，2010年\n'
             '「這只是笑話」- 金本知憲，2013年\n',
             '\n\n「將軍大人！」 - 林威助、關本賢太郎，2012年\n',
             '\n',
             '\n--\n'],
 'title': '[閒聊] 藤浪晉太郎：「我現在沒穿內褲喔~」',
 'url': 'https://www.ptt.cc/bbs/Baseball/M.1613321185.A.F7F.html'}
2021-02-15 11:06:19 [scrapy.core.engine] INFO: Closing spider (finished)
2021-02-15 11:06:19 [scrapy.extensions.feedexport] INFO: Stored csv feed (2 items) in: ./output/ptt.csv
2021-02-15 11:06:19 [scrapy.statscollectors] INFO: Dumping Scrapy stats:
{'downloader/request_bytes': 1146,
 'downloader/request_count': 3,
 'downloader/request_method_count/GET': 3,
 'downloader/response_bytes': 11601,
 'downloader/response_count': 3,
 'downloader/response_status_count/200': 2,
 'downloader/response_status_count/404': 1,
 'elapsed_time_seconds': 0.662811,
 'finish_reason': 'finished',
 'finish_time': datetime.datetime(2021, 2, 15, 2, 6, 19, 542779),
 'item_scraped_count': 2,
 'log_count/DEBUG': 5,
 'log_count/INFO': 11,
 'log_count/WARNING': 1,
 'memusage/max': 51982336,
 'memusage/startup': 51978240,
 'response_received_count': 3,
 'robotstxt/request_count': 1,
 'robotstxt/response_count': 1,
 'robotstxt/response_status_count/404': 1,
 'scheduler/dequeued': 2,
 'scheduler/dequeued/memory': 2,
 'scheduler/enqueued': 2,
 'scheduler/enqueued/memory': 2,
 'start_time': datetime.datetime(2021, 2, 15, 2, 6, 18, 879968)}
2021-02-15 11:06:19 [scrapy.core.engine] INFO: Spider closed (finished)
2021-02-15 11:07:36 [scrapy.utils.log] INFO: Scrapy 2.4.1 started (bot: Day028)
2021-02-15 11:07:36 [scrapy.utils.log] INFO: Versions: lxml 4.6.2.0, libxml2 2.9.10, cssselect 1.1.0, parsel 1.6.0, w3lib 1.22.0, Twisted 20.3.0, Python 3.9.1 (v3.9.1:1e5d33e9b9, Dec  7 2020, 12:10:52) - [Clang 6.0 (clang-600.0.57)], pyOpenSSL 20.0.1 (OpenSSL 1.1.1i  8 Dec 2020), cryptography 3.4.5, Platform macOS-10.16-x86_64-i386-64bit
2021-02-15 11:07:36 [scrapy.utils.log] DEBUG: Using reactor: twisted.internet.selectreactor.SelectReactor
2021-02-15 11:07:36 [scrapy.crawler] INFO: Overridden settings:
{'BOT_NAME': 'Day028',
 'FEED_EXPORT_ENCODING': 'utf-8',
 'LOG_FILE': './output/ptt.log',
 'NEWSPIDER_MODULE': 'Day028.spiders',
 'ROBOTSTXT_OBEY': True,
 'SPIDER_MODULES': ['Day028.spiders']}
2021-02-15 11:07:36 [scrapy.extensions.telnet] INFO: Telnet Password: 35d0dc181af4f229
2021-02-15 11:07:36 [py.warnings] WARNING: /Library/Frameworks/Python.framework/Versions/3.9/lib/python3.9/site-packages/scrapy/extensions/feedexport.py:247: ScrapyDeprecationWarning: The `FEED_URI` and `FEED_FORMAT` settings have been deprecated in favor of the `FEEDS` setting. Please see the `FEEDS` setting docs for more details
  exporter = cls(crawler)

2021-02-15 11:07:36 [scrapy.middleware] INFO: Enabled extensions:
['scrapy.extensions.corestats.CoreStats',
 'scrapy.extensions.telnet.TelnetConsole',
 'scrapy.extensions.memusage.MemoryUsage',
 'scrapy.extensions.feedexport.FeedExporter',
 'scrapy.extensions.logstats.LogStats']
2021-02-15 11:07:36 [scrapy.middleware] INFO: Enabled downloader middlewares:
['scrapy.downloadermiddlewares.robotstxt.RobotsTxtMiddleware',
 'scrapy.downloadermiddlewares.httpauth.HttpAuthMiddleware',
 'scrapy.downloadermiddlewares.downloadtimeout.DownloadTimeoutMiddleware',
 'scrapy.downloadermiddlewares.defaultheaders.DefaultHeadersMiddleware',
 'scrapy.downloadermiddlewares.useragent.UserAgentMiddleware',
 'scrapy.downloadermiddlewares.retry.RetryMiddleware',
 'scrapy.downloadermiddlewares.redirect.MetaRefreshMiddleware',
 'scrapy.downloadermiddlewares.httpcompression.HttpCompressionMiddleware',
 'scrapy.downloadermiddlewares.redirect.RedirectMiddleware',
 'scrapy.downloadermiddlewares.cookies.CookiesMiddleware',
 'scrapy.downloadermiddlewares.httpproxy.HttpProxyMiddleware',
 'scrapy.downloadermiddlewares.stats.DownloaderStats']
2021-02-15 11:07:36 [scrapy.middleware] INFO: Enabled spider middlewares:
['scrapy.spidermiddlewares.httperror.HttpErrorMiddleware',
 'scrapy.spidermiddlewares.offsite.OffsiteMiddleware',
 'scrapy.spidermiddlewares.referer.RefererMiddleware',
 'scrapy.spidermiddlewares.urllength.UrlLengthMiddleware',
 'scrapy.spidermiddlewares.depth.DepthMiddleware']
2021-02-15 11:07:36 [scrapy.middleware] INFO: Enabled item pipelines:
[]
2021-02-15 11:07:36 [scrapy.core.engine] INFO: Spider opened
2021-02-15 11:07:36 [scrapy.extensions.logstats] INFO: Crawled 0 pages (at 0 pages/min), scraped 0 items (at 0 items/min)
2021-02-15 11:07:36 [scrapy.extensions.telnet] INFO: Telnet console listening on 127.0.0.1:6023
2021-02-15 11:07:36 [scrapy.core.engine] DEBUG: Crawled (404) <GET https://www.ptt.cc/robots.txt> (referer: None)
2021-02-15 11:07:36 [scrapy.core.engine] DEBUG: Crawled (200) <GET https://www.ptt.cc/bbs/Baseball/M.1613320031.A.2F3.html> (referer: None)
2021-02-15 11:07:36 [scrapy.core.engine] DEBUG: Crawled (200) <GET https://www.ptt.cc/bbs/Baseball/M.1613321185.A.F7F.html> (referer: None)
2021-02-15 11:07:36 [scrapy.core.scraper] DEBUG: Scraped from <200 https://www.ptt.cc/bbs/Baseball/M.1613320031.A.2F3.html>
{'content': ['\n',
             '\n'
             '\n'
             '其實之前FB有一段時間做過吧\n'
             '不過沒有持續就是了\n'
             '但沒有持續也不是壞事\n'
             '\n'
             '有些戰績迷或是酸酸就喜歡借題發揮\n'
             '詹就是活生生的例子\n'
             '休息之餘開玩笑捉弄隊友\n'
             '被檢討成不認真打球整天想一些有的沒的\n'
             '\n'
             '實在也是有夠冤枉的\n'
             '人家是季後軟手沒錯\n'
             '但看成績季賽沒有他可能也難進去\n'
             '說得好像他一天到晚都在不正經一樣\n'
             '搞得那些花絮是球員整天在做的事\n'
             '要是有什麼球員拍個釣蝦釣魚或打電動影片\n'
             '到時候又變成出氣筒\n'
             '\n'
             '所以倒也不用特別去做這些有的沒的\n'
             '\n'
             '另一方面講收益其實也沒什麼必要啦\n'
             '這點零錢要花時間人力資源去做實在有點浪費\n'
             '認真做可能還要被酸不認真本質搞些有的沒的\n'
             '\n'
             '\n'
             '\n'
             '\n'
             '--\n'],
 'title': 'Re: [閒聊] 為什麼中職沒有球隊認真經營YouTube?',
 'url': 'https://www.ptt.cc/bbs/Baseball/M.1613320031.A.2F3.html'}
2021-02-15 11:07:37 [scrapy.core.scraper] DEBUG: Scraped from <200 https://www.ptt.cc/bbs/Baseball/M.1613321185.A.F7F.html>
{'content': ['\n藤浪的IG\n\n',
             '\nQ：今天內褲的顏色？\nA：穿球衣的時候是黑色 不過現在沒穿喔~\n\n',
             '\nQ：有討厭的OB嗎？\nA：有一大堆喔~\n\n',
             '\nQ：喜歡大胸嗎？\nA：這不是判斷人的標準啦 雖然大的比較好\n\n',
             '\nQ：憧憬的職棒選手\nA：高橋由伸\n\n',
             '\n高山俊：快去睡\n藤浪：你也是\n\n',
             '\nQ：情人節的回憶？\nA：收到巧克力，以為是義理的。向那個女孩問了一句「這三小」結果弄哭了她\n\n',
             '\n望月惇志：想不到好笑的問題，1小時候再來問\n藤浪：你本來就不好笑啦應該想到死為止也想不出來\n\n',
             '\nQ：不能理解男朋友的心情\nA：怎麼可能理解到啊男人本來就是到了27歲也會因為大便懶X和歐派笑死的生物\n\n',
             '\nQ：有尊敬的OB嗎？\nA：也有很多喔\n\n',
             '\n高山俊：有結婚的打算嗎\n藤浪：最不想被你說這句話 全女性之敵\n\n',
             '\n',
             'Q：在9日生了個男孩子，可以說一聲恭喜嗎？\nA：恭喜！祝福你的孩子像藤浪般溫柔和心靈純潔，和像個聖人君子\n\n',
             '\n'
             'Q：賽馬贏的方法\n'
             'A：我知道這種東西的話我每星期可以賺一億圓\n'
             '\n'
             '\n'
             '@fujinami_shintaro\n'
             '\n'
             '--\n'
             '「我可是金正日！叫我將軍大人！」- 金本知憲，2010年\n'
             '「這只是笑話」- 金本知憲，2013年\n',
             '\n\n「將軍大人！」 - 林威助、關本賢太郎，2012年\n',
             '\n',
             '\n--\n'],
 'title': '[閒聊] 藤浪晉太郎：「我現在沒穿內褲喔~」',
 'url': 'https://www.ptt.cc/bbs/Baseball/M.1613321185.A.F7F.html'}
2021-02-15 11:07:37 [scrapy.core.engine] INFO: Closing spider (finished)
2021-02-15 11:07:37 [scrapy.extensions.feedexport] INFO: Stored json feed (2 items) in: ./output/ptt.json
2021-02-15 11:07:37 [scrapy.statscollectors] INFO: Dumping Scrapy stats:
{'downloader/request_bytes': 1146,
 'downloader/request_count': 3,
 'downloader/request_method_count/GET': 3,
 'downloader/response_bytes': 11565,
 'downloader/response_count': 3,
 'downloader/response_status_count/200': 2,
 'downloader/response_status_count/404': 1,
 'elapsed_time_seconds': 0.596998,
 'finish_reason': 'finished',
 'finish_time': datetime.datetime(2021, 2, 15, 2, 7, 37, 77503),
 'item_scraped_count': 2,
 'log_count/DEBUG': 5,
 'log_count/INFO': 11,
 'log_count/WARNING': 1,
 'memusage/max': 51978240,
 'memusage/startup': 51974144,
 'response_received_count': 3,
 'robotstxt/request_count': 1,
 'robotstxt/response_count': 1,
 'robotstxt/response_status_count/404': 1,
 'scheduler/dequeued': 2,
 'scheduler/dequeued/memory': 2,
 'scheduler/enqueued': 2,
 'scheduler/enqueued/memory': 2,
 'start_time': datetime.datetime(2021, 2, 15, 2, 7, 36, 480505)}
2021-02-15 11:07:37 [scrapy.core.engine] INFO: Spider closed (finished)
