2021-02-15 10:51:19 [scrapy.utils.log] INFO: Scrapy 2.4.1 started (bot: Day028)
2021-02-15 10:51:19 [scrapy.utils.log] INFO: Versions: lxml 4.6.2.0, libxml2 2.9.10, cssselect 1.1.0, parsel 1.6.0, w3lib 1.22.0, Twisted 20.3.0, Python 3.9.1 (v3.9.1:1e5d33e9b9, Dec  7 2020, 12:10:52) - [Clang 6.0 (clang-600.0.57)], pyOpenSSL 20.0.1 (OpenSSL 1.1.1i  8 Dec 2020), cryptography 3.4.5, Platform macOS-10.16-x86_64-i386-64bit
2021-02-15 10:51:19 [scrapy.utils.log] DEBUG: Using reactor: twisted.internet.selectreactor.SelectReactor
2021-02-15 10:51:19 [scrapy.crawler] INFO: Overridden settings:
{'BOT_NAME': 'Day028',
 'FEED_EXPORT_ENCODING': 'utf-8',
 'LOG_FILE': './output/ptt.log',
 'NEWSPIDER_MODULE': 'Day028.spiders',
 'ROBOTSTXT_OBEY': True,
 'SPIDER_MODULES': ['Day028.spiders']}
2021-02-15 10:51:19 [scrapy.extensions.telnet] INFO: Telnet Password: fb8e1be2734d9b18
2021-02-15 10:51:19 [py.warnings] WARNING: /Library/Frameworks/Python.framework/Versions/3.9/lib/python3.9/site-packages/scrapy/extensions/feedexport.py:247: ScrapyDeprecationWarning: The `FEED_URI` and `FEED_FORMAT` settings have been deprecated in favor of the `FEEDS` setting. Please see the `FEEDS` setting docs for more details
  exporter = cls(crawler)

2021-02-15 10:51:19 [scrapy.middleware] INFO: Enabled extensions:
['scrapy.extensions.corestats.CoreStats',
 'scrapy.extensions.telnet.TelnetConsole',
 'scrapy.extensions.memusage.MemoryUsage',
 'scrapy.extensions.feedexport.FeedExporter',
 'scrapy.extensions.logstats.LogStats']
2021-02-15 10:51:19 [scrapy.middleware] INFO: Enabled downloader middlewares:
['scrapy.downloadermiddlewares.robotstxt.RobotsTxtMiddleware',
 'scrapy.downloadermiddlewares.httpauth.HttpAuthMiddleware',
 'scrapy.downloadermiddlewares.downloadtimeout.DownloadTimeoutMiddleware',
 'scrapy.downloadermiddlewares.defaultheaders.DefaultHeadersMiddleware',
 'scrapy.downloadermiddlewares.useragent.UserAgentMiddleware',
 'scrapy.downloadermiddlewares.retry.RetryMiddleware',
 'scrapy.downloadermiddlewares.redirect.MetaRefreshMiddleware',
 'scrapy.downloadermiddlewares.httpcompression.HttpCompressionMiddleware',
 'scrapy.downloadermiddlewares.redirect.RedirectMiddleware',
 'scrapy.downloadermiddlewares.cookies.CookiesMiddleware',
 'scrapy.downloadermiddlewares.httpproxy.HttpProxyMiddleware',
 'scrapy.downloadermiddlewares.stats.DownloaderStats']
2021-02-15 10:51:19 [scrapy.middleware] INFO: Enabled spider middlewares:
['scrapy.spidermiddlewares.httperror.HttpErrorMiddleware',
 'scrapy.spidermiddlewares.offsite.OffsiteMiddleware',
 'scrapy.spidermiddlewares.referer.RefererMiddleware',
 'scrapy.spidermiddlewares.urllength.UrlLengthMiddleware',
 'scrapy.spidermiddlewares.depth.DepthMiddleware']
2021-02-15 10:51:19 [scrapy.middleware] INFO: Enabled item pipelines:
[]
2021-02-15 10:51:19 [scrapy.core.engine] INFO: Spider opened
2021-02-15 10:51:19 [scrapy.extensions.logstats] INFO: Crawled 0 pages (at 0 pages/min), scraped 0 items (at 0 items/min)
2021-02-15 10:51:19 [scrapy.extensions.telnet] INFO: Telnet console listening on 127.0.0.1:6023
2021-02-15 10:51:20 [scrapy.core.engine] DEBUG: Crawled (404) <GET https://www.ptt.cc/robots.txt> (referer: None)
2021-02-15 10:51:20 [scrapy.core.engine] DEBUG: Crawled (200) <GET https://www.ptt.cc/bbs/Baseball/M.1613320031.A.2F3.html> (referer: None)
2021-02-15 10:51:20 [scrapy.core.scraper] DEBUG: Scraped from <200 https://www.ptt.cc/bbs/Baseball/M.1613320031.A.2F3.html>
{'content': ['\n',
             '\n'
             '\n'
             '其實之前FB有一段時間做過吧\n'
             '不過沒有持續就是了\n'
             '但沒有持續也不是壞事\n'
             '\n'
             '有些戰績迷或是酸酸就喜歡借題發揮\n'
             '詹就是活生生的例子\n'
             '休息之餘開玩笑捉弄隊友\n'
             '被檢討成不認真打球整天想一些有的沒的\n'
             '\n'
             '實在也是有夠冤枉的\n'
             '人家是季後軟手沒錯\n'
             '但看成績季賽沒有他可能也難進去\n'
             '說得好像他一天到晚都在不正經一樣\n'
             '搞得那些花絮是球員整天在做的事\n'
             '要是有什麼球員拍個釣蝦釣魚或打電動影片\n'
             '到時候又變成出氣筒\n'
             '\n'
             '所以倒也不用特別去做這些有的沒的\n'
             '\n'
             '另一方面講收益其實也沒什麼必要啦\n'
             '這點零錢要花時間人力資源去做實在有點浪費\n'
             '認真做可能還要被酸不認真本質搞些有的沒的\n'
             '\n'
             '\n'
             '\n'
             '\n'
             '--\n'],
 'title': 'Re: [閒聊] 為什麼中職沒有球隊認真經營YouTube?'}
2021-02-15 10:51:20 [scrapy.core.engine] INFO: Closing spider (finished)
2021-02-15 10:51:20 [scrapy.extensions.feedexport] INFO: Stored json feed (1 items) in: ./output/ptt.json
2021-02-15 10:51:20 [scrapy.statscollectors] INFO: Dumping Scrapy stats:
{'downloader/request_bytes': 683,
 'downloader/request_count': 2,
 'downloader/request_method_count/GET': 2,
 'downloader/response_bytes': 4865,
 'downloader/response_count': 2,
 'downloader/response_status_count/200': 1,
 'downloader/response_status_count/404': 1,
 'elapsed_time_seconds': 0.443225,
 'finish_reason': 'finished',
 'finish_time': datetime.datetime(2021, 2, 15, 1, 51, 20, 354570),
 'item_scraped_count': 1,
 'log_count/DEBUG': 3,
 'log_count/INFO': 11,
 'log_count/WARNING': 1,
 'memusage/max': 51892224,
 'memusage/startup': 51888128,
 'response_received_count': 2,
 'robotstxt/request_count': 1,
 'robotstxt/response_count': 1,
 'robotstxt/response_status_count/404': 1,
 'scheduler/dequeued': 1,
 'scheduler/dequeued/memory': 1,
 'scheduler/enqueued': 1,
 'scheduler/enqueued/memory': 1,
 'start_time': datetime.datetime(2021, 2, 15, 1, 51, 19, 911345)}
2021-02-15 10:51:20 [scrapy.core.engine] INFO: Spider closed (finished)
